[2020-01-06T13:47:30.030Z] [org.springframework.boot.StartupInfoLogger] [restartedMain] [50] [INFO ] Starting PetstoreApplication on DESKTOP-9GB4E5J with PID 3916 (F:\Study\GitHub_Projects\SpringBoot_Example\PetStore\target\classes started by dell in F:\Study\GitHub_Projects\SpringBoot_Example\PetStore)
[2020-01-06T13:47:30.030Z] [org.springframework.boot.SpringApplication] [restartedMain] [648] [INFO ] No active profile set, falling back to default profiles: default
[2020-01-06T13:47:30.030Z] [org.springframework.boot.logging.DeferredLog] [restartedMain] [225] [INFO ] Devtools property defaults active! Set 'spring.devtools.add-properties' to 'false' to disable
[2020-01-06T13:47:30.030Z] [org.springframework.boot.logging.DeferredLog] [restartedMain] [225] [INFO ] For additional web related logging consider setting the 'logging.level.web' property to 'DEBUG'
[2020-01-06T13:47:33.033Z] [org.springframework.data.repository.config.RepositoryConfigurationDelegate] [restartedMain] [126] [INFO ] Bootstrapping Spring Data repositories in DEFAULT mode.
[2020-01-06T13:47:33.033Z] [org.springframework.data.repository.config.RepositoryConfigurationDelegate] [restartedMain] [182] [INFO ] Finished Spring Data repository scanning in 120ms. Found 1 repository interfaces.
[2020-01-06T13:47:34.034Z] [org.springframework.context.support.PostProcessorRegistrationDelegate$BeanPostProcessorChecker] [restartedMain] [330] [INFO ] Bean 'org.springframework.transaction.annotation.ProxyTransactionManagementConfiguration' of type [org.springframework.transaction.annotation.ProxyTransactionManagementConfiguration$$EnhancerBySpringCGLIB$$3fb1fc6] is not eligible for getting processed by all BeanPostProcessors (for example: not eligible for auto-proxying)
[2020-01-06T13:47:34.034Z] [org.springframework.context.support.PostProcessorRegistrationDelegate$BeanPostProcessorChecker] [restartedMain] [330] [INFO ] Bean 'org.springframework.hateoas.config.HateoasConfiguration' of type [org.springframework.hateoas.config.HateoasConfiguration$$EnhancerBySpringCGLIB$$837b6cf8] is not eligible for getting processed by all BeanPostProcessors (for example: not eligible for auto-proxying)
[2020-01-06T13:47:35.035Z] [org.springframework.boot.web.embedded.tomcat.TomcatWebServer] [restartedMain] [90] [INFO ] Tomcat initialized with port(s): 8080 (http)
[2020-01-06T13:47:35.035Z] [org.apache.juli.logging.DirectJDKLog] [restartedMain] [173] [INFO ] Initializing ProtocolHandler ["http-nio-8080"]
[2020-01-06T13:47:35.035Z] [org.apache.juli.logging.DirectJDKLog] [restartedMain] [173] [INFO ] Starting service [Tomcat]
[2020-01-06T13:47:35.035Z] [org.apache.juli.logging.DirectJDKLog] [restartedMain] [173] [INFO ] Starting Servlet engine: [Apache Tomcat/9.0.27]
[2020-01-06T13:47:36.036Z] [org.apache.juli.logging.DirectJDKLog] [restartedMain] [173] [INFO ] Initializing Spring embedded WebApplicationContext
[2020-01-06T13:47:36.036Z] [org.springframework.boot.web.servlet.context.ServletWebServerApplicationContext] [restartedMain] [284] [INFO ] Root WebApplicationContext: initialization completed in 5289 ms
[2020-01-06T13:47:36.036Z] [com.zaxxer.hikari.HikariDataSource] [restartedMain] [110] [INFO ] HikariPool-1 - Starting...
[2020-01-06T13:47:37.037Z] [com.zaxxer.hikari.HikariDataSource] [restartedMain] [123] [INFO ] HikariPool-1 - Start completed.
[2020-01-06T13:47:37.037Z] [org.hibernate.jpa.internal.util.LogHelper] [restartedMain] [31] [INFO ] HHH000204: Processing PersistenceUnitInfo [
	name: default
	...]
[2020-01-06T13:47:37.037Z] [org.hibernate.Version] [restartedMain] [46] [INFO ] HHH000412: Hibernate Core {5.3.13.Final}
[2020-01-06T13:47:37.037Z] [org.hibernate.cfg.Environment] [restartedMain] [213] [INFO ] HHH000206: hibernate.properties not found
[2020-01-06T13:47:37.037Z] [org.hibernate.annotations.common.reflection.java.JavaReflectionManager] [restartedMain] [49] [INFO ] HCANN000001: Hibernate Commons Annotations {5.0.4.Final}
[2020-01-06T13:47:37.037Z] [org.hibernate.dialect.Dialect] [restartedMain] [157] [INFO ] HHH000400: Using dialect: org.hibernate.dialect.MySQL5Dialect
[2020-01-06T13:47:39.039Z] [org.springframework.orm.jpa.AbstractEntityManagerFactoryBean] [restartedMain] [416] [INFO ] Initialized JPA EntityManagerFactory for persistence unit 'default'
[2020-01-06T13:47:39.039Z] [org.springframework.boot.devtools.autoconfigure.OptionalLiveReloadServer] [restartedMain] [57] [INFO ] LiveReload server is running on port 35729
[2020-01-06T13:47:39.039Z] [org.hibernate.hql.internal.QueryTranslatorFactoryInitiator] [restartedMain] [47] [INFO ] HHH000397: Using ASTQueryTranslatorFactory
[2020-01-06T13:47:41.041Z] [org.springframework.scheduling.concurrent.ExecutorConfigurationSupport] [restartedMain] [171] [INFO ] Initializing ExecutorService 'applicationTaskExecutor'
[2020-01-06T13:47:41.041Z] [org.springframework.boot.autoconfigure.orm.jpa.JpaBaseConfiguration$JpaWebConfiguration$JpaWebMvcConfiguration] [restartedMain] [226] [WARN ] spring.jpa.open-in-view is enabled by default. Therefore, database queries may be performed during view rendering. Explicitly configure spring.jpa.open-in-view to disable this warning
[2020-01-06T13:47:42.042Z] [org.apache.juli.logging.DirectJDKLog] [restartedMain] [173] [INFO ] Starting ProtocolHandler ["http-nio-8080"]
[2020-01-06T13:47:42.042Z] [org.springframework.boot.web.embedded.tomcat.TomcatWebServer] [restartedMain] [202] [INFO ] Tomcat started on port(s): 8080 (http) with context path ''
[2020-01-06T13:47:42.042Z] [org.springframework.boot.StartupInfoLogger] [restartedMain] [59] [INFO ] Started PetstoreApplication in 12.939 seconds (JVM running for 13.992)
[2020-01-06T13:47:42.042Z] [com.example.petstore.PetstoreApplication] [restartedMain] [35] [INFO ] Pet [id=2, name=Kitty, type=Cat, age=4, userid=2]
