2020-01-06 13:33:09,090 INFO org.springframework.boot.StartupInfoLogger [restartedMain] Starting PetstoreApplication on DESKTOP-9GB4E5J with PID 596 (F:\Study\GitHub_Projects\SpringBoot_Example\PetStore\target\classes started by dell in F:\Study\GitHub_Projects\SpringBoot_Example\PetStore)
2020-01-06 13:33:09,097 INFO org.springframework.boot.SpringApplication [restartedMain] No active profile set, falling back to default profiles: default
2020-01-06 13:33:09,354 INFO org.springframework.boot.logging.DeferredLog [restartedMain] Devtools property defaults active! Set 'spring.devtools.add-properties' to 'false' to disable
2020-01-06 13:33:09,355 INFO org.springframework.boot.logging.DeferredLog [restartedMain] For additional web related logging consider setting the 'logging.level.web' property to 'DEBUG'
2020-01-06 13:33:11,522 INFO org.springframework.data.repository.config.RepositoryConfigurationDelegate [restartedMain] Bootstrapping Spring Data repositories in DEFAULT mode.
2020-01-06 13:33:11,690 INFO org.springframework.data.repository.config.RepositoryConfigurationDelegate [restartedMain] Finished Spring Data repository scanning in 153ms. Found 1 repository interfaces.
2020-01-06 13:33:12,693 INFO org.springframework.context.support.PostProcessorRegistrationDelegate$BeanPostProcessorChecker [restartedMain] Bean 'org.springframework.transaction.annotation.ProxyTransactionManagementConfiguration' of type [org.springframework.transaction.annotation.ProxyTransactionManagementConfiguration$$EnhancerBySpringCGLIB$$c00cffab] is not eligible for getting processed by all BeanPostProcessors (for example: not eligible for auto-proxying)
2020-01-06 13:33:12,737 INFO org.springframework.context.support.PostProcessorRegistrationDelegate$BeanPostProcessorChecker [restartedMain] Bean 'org.springframework.hateoas.config.HateoasConfiguration' of type [org.springframework.hateoas.config.HateoasConfiguration$$EnhancerBySpringCGLIB$$3f8d4cdd] is not eligible for getting processed by all BeanPostProcessors (for example: not eligible for auto-proxying)
2020-01-06 13:33:14,250 INFO org.springframework.boot.web.embedded.tomcat.TomcatWebServer [restartedMain] Tomcat initialized with port(s): 8080 (http)
2020-01-06 13:33:14,290 INFO org.apache.juli.logging.DirectJDKLog [restartedMain] Initializing ProtocolHandler ["http-nio-8080"]
2020-01-06 13:33:14,313 INFO org.apache.juli.logging.DirectJDKLog [restartedMain] Starting service [Tomcat]
2020-01-06 13:33:14,314 INFO org.apache.juli.logging.DirectJDKLog [restartedMain] Starting Servlet engine: [Apache Tomcat/9.0.27]
2020-01-06 13:33:14,728 INFO org.apache.juli.logging.DirectJDKLog [restartedMain] Initializing Spring embedded WebApplicationContext
2020-01-06 13:33:14,729 INFO org.springframework.boot.web.servlet.context.ServletWebServerApplicationContext [restartedMain] Root WebApplicationContext: initialization completed in 5373 ms
2020-01-06 13:33:15,254 INFO com.zaxxer.hikari.HikariDataSource [restartedMain] HikariPool-1 - Starting...
2020-01-06 13:33:15,613 INFO com.zaxxer.hikari.HikariDataSource [restartedMain] HikariPool-1 - Start completed.
2020-01-06 13:33:15,823 INFO org.hibernate.jpa.internal.util.LogHelper [restartedMain] HHH000204: Processing PersistenceUnitInfo [
	name: default
	...]
2020-01-06 13:33:16,039 INFO org.hibernate.Version [restartedMain] HHH000412: Hibernate Core {5.3.13.Final}
2020-01-06 13:33:16,043 INFO org.hibernate.cfg.Environment [restartedMain] HHH000206: hibernate.properties not found
2020-01-06 13:33:16,396 INFO org.hibernate.annotations.common.reflection.java.JavaReflectionManager [restartedMain] HCANN000001: Hibernate Commons Annotations {5.0.4.Final}
2020-01-06 13:33:16,662 INFO org.hibernate.dialect.Dialect [restartedMain] HHH000400: Using dialect: org.hibernate.dialect.MySQL5Dialect
2020-01-06 13:33:17,855 INFO org.springframework.orm.jpa.AbstractEntityManagerFactoryBean [restartedMain] Initialized JPA EntityManagerFactory for persistence unit 'default'
2020-01-06 13:33:17,904 INFO org.springframework.boot.devtools.autoconfigure.OptionalLiveReloadServer [restartedMain] LiveReload server is running on port 35729
2020-01-06 13:33:18,577 INFO org.hibernate.hql.internal.QueryTranslatorFactoryInitiator [restartedMain] HHH000397: Using ASTQueryTranslatorFactory
2020-01-06 13:33:20,455 INFO org.springframework.scheduling.concurrent.ExecutorConfigurationSupport [restartedMain] Initializing ExecutorService 'applicationTaskExecutor'
2020-01-06 13:33:20,581 WARN org.springframework.boot.autoconfigure.orm.jpa.JpaBaseConfiguration$JpaWebConfiguration$JpaWebMvcConfiguration [restartedMain] spring.jpa.open-in-view is enabled by default. Therefore, database queries may be performed during view rendering. Explicitly configure spring.jpa.open-in-view to disable this warning
2020-01-06 13:33:21,624 INFO org.apache.juli.logging.DirectJDKLog [restartedMain] Starting ProtocolHandler ["http-nio-8080"]
2020-01-06 13:33:21,664 INFO org.springframework.boot.web.embedded.tomcat.TomcatWebServer [restartedMain] Tomcat started on port(s): 8080 (http) with context path ''
2020-01-06 13:33:21,669 INFO org.springframework.boot.StartupInfoLogger [restartedMain] Started PetstoreApplication in 13.567 seconds (JVM running for 14.567)
2020-01-06 13:33:21,673 INFO com.example.petstore.PetstoreApplication [restartedMain] Pet [id=2, name=Kitty, type=Cat, age=4, userid=2]
2020-01-06 13:36:15,551 INFO org.springframework.boot.StartupInfoLogger [restartedMain] Starting PetstoreApplication on DESKTOP-9GB4E5J with PID 3436 (F:\Study\GitHub_Projects\SpringBoot_Example\PetStore\target\classes started by dell in F:\Study\GitHub_Projects\SpringBoot_Example\PetStore)
2020-01-06 13:36:15,568 INFO org.springframework.boot.SpringApplication [restartedMain] No active profile set, falling back to default profiles: default
2020-01-06 13:36:15,694 INFO org.springframework.boot.logging.DeferredLog [restartedMain] Devtools property defaults active! Set 'spring.devtools.add-properties' to 'false' to disable
2020-01-06 13:36:15,695 INFO org.springframework.boot.logging.DeferredLog [restartedMain] For additional web related logging consider setting the 'logging.level.web' property to 'DEBUG'
2020-01-06 13:36:17,783 INFO org.springframework.data.repository.config.RepositoryConfigurationDelegate [restartedMain] Bootstrapping Spring Data repositories in DEFAULT mode.
2020-01-06 13:36:17,954 INFO org.springframework.data.repository.config.RepositoryConfigurationDelegate [restartedMain] Finished Spring Data repository scanning in 139ms. Found 1 repository interfaces.
2020-01-06 13:36:18,982 INFO org.springframework.context.support.PostProcessorRegistrationDelegate$BeanPostProcessorChecker [restartedMain] Bean 'org.springframework.transaction.annotation.ProxyTransactionManagementConfiguration' of type [org.springframework.transaction.annotation.ProxyTransactionManagementConfiguration$$EnhancerBySpringCGLIB$$38127f6e] is not eligible for getting processed by all BeanPostProcessors (for example: not eligible for auto-proxying)
2020-01-06 13:36:19,042 INFO org.springframework.context.support.PostProcessorRegistrationDelegate$BeanPostProcessorChecker [restartedMain] Bean 'org.springframework.hateoas.config.HateoasConfiguration' of type [org.springframework.hateoas.config.HateoasConfiguration$$EnhancerBySpringCGLIB$$b792cca0] is not eligible for getting processed by all BeanPostProcessors (for example: not eligible for auto-proxying)
2020-01-06 13:36:20,715 INFO org.springframework.boot.web.embedded.tomcat.TomcatWebServer [restartedMain] Tomcat initialized with port(s): 8080 (http)
2020-01-06 13:36:20,764 INFO org.apache.juli.logging.DirectJDKLog [restartedMain] Initializing ProtocolHandler ["http-nio-8080"]
2020-01-06 13:36:20,837 INFO org.apache.juli.logging.DirectJDKLog [restartedMain] Starting service [Tomcat]
2020-01-06 13:36:20,839 INFO org.apache.juli.logging.DirectJDKLog [restartedMain] Starting Servlet engine: [Apache Tomcat/9.0.27]
2020-01-06 13:36:21,181 INFO org.apache.juli.logging.DirectJDKLog [restartedMain] Initializing Spring embedded WebApplicationContext
2020-01-06 13:36:21,183 INFO org.springframework.boot.web.servlet.context.ServletWebServerApplicationContext [restartedMain] Root WebApplicationContext: initialization completed in 5485 ms
2020-01-06 13:36:21,719 INFO com.zaxxer.hikari.HikariDataSource [restartedMain] HikariPool-1 - Starting...
2020-01-06 13:36:22,242 INFO com.zaxxer.hikari.HikariDataSource [restartedMain] HikariPool-1 - Start completed.
2020-01-06 13:36:22,468 INFO org.hibernate.jpa.internal.util.LogHelper [restartedMain] HHH000204: Processing PersistenceUnitInfo [
	name: default
	...]
2020-01-06 13:36:22,580 INFO org.hibernate.Version [restartedMain] HHH000412: Hibernate Core {5.3.13.Final}
2020-01-06 13:36:22,583 INFO org.hibernate.cfg.Environment [restartedMain] HHH000206: hibernate.properties not found
2020-01-06 13:36:22,864 INFO org.hibernate.annotations.common.reflection.java.JavaReflectionManager [restartedMain] HCANN000001: Hibernate Commons Annotations {5.0.4.Final}
2020-01-06 13:36:23,128 INFO org.hibernate.dialect.Dialect [restartedMain] HHH000400: Using dialect: org.hibernate.dialect.MySQL5Dialect
2020-01-06 13:36:24,340 INFO org.springframework.orm.jpa.AbstractEntityManagerFactoryBean [restartedMain] Initialized JPA EntityManagerFactory for persistence unit 'default'
2020-01-06 13:36:24,410 INFO org.springframework.boot.devtools.autoconfigure.OptionalLiveReloadServer [restartedMain] LiveReload server is running on port 35729
2020-01-06 13:36:25,043 INFO org.hibernate.hql.internal.QueryTranslatorFactoryInitiator [restartedMain] HHH000397: Using ASTQueryTranslatorFactory
2020-01-06 13:36:26,989 INFO org.springframework.scheduling.concurrent.ExecutorConfigurationSupport [restartedMain] Initializing ExecutorService 'applicationTaskExecutor'
2020-01-06 13:36:27,111 WARN org.springframework.boot.autoconfigure.orm.jpa.JpaBaseConfiguration$JpaWebConfiguration$JpaWebMvcConfiguration [restartedMain] spring.jpa.open-in-view is enabled by default. Therefore, database queries may be performed during view rendering. Explicitly configure spring.jpa.open-in-view to disable this warning
2020-01-06 13:36:28,104 INFO org.apache.juli.logging.DirectJDKLog [restartedMain] Starting ProtocolHandler ["http-nio-8080"]
2020-01-06 13:36:28,292 INFO org.springframework.boot.web.embedded.tomcat.TomcatWebServer [restartedMain] Tomcat started on port(s): 8080 (http) with context path ''
2020-01-06 13:36:28,300 INFO org.springframework.boot.StartupInfoLogger [restartedMain] Started PetstoreApplication in 14.134 seconds (JVM running for 15.135)
2020-01-06 13:36:28,304 INFO com.example.petstore.PetstoreApplication [restartedMain] Pet [id=2, name=Kitty, type=Cat, age=4, userid=2]
